mode: atomic
github.com/allofresh/infra-test-go/internal/model/product.go:12.38,14.2 1 2
github.com/allofresh/infra-test-go/internal/model/product.go:17.40,19.2 1 3
github.com/allofresh/infra-test-go/internal/model/product.go:22.58,23.34 1 6
github.com/allofresh/infra-test-go/internal/model/product.go:23.34,25.3 1 2
github.com/allofresh/infra-test-go/internal/model/product.go:26.2,26.36 1 4
github.com/allofresh/infra-test-go/internal/service/product_service.go:23.42,28.2 1 12
github.com/allofresh/infra-test-go/internal/service/product_service.go:31.92,32.45 1 62
github.com/allofresh/infra-test-go/internal/service/product_service.go:32.45,34.3 1 3
github.com/allofresh/infra-test-go/internal/service/product_service.go:36.2,47.16 6 59
github.com/allofresh/infra-test-go/internal/service/product_service.go:51.69,56.9 4 24
github.com/allofresh/infra-test-go/internal/service/product_service.go:56.9,58.3 1 2
github.com/allofresh/infra-test-go/internal/service/product_service.go:59.2,59.15 1 22
github.com/allofresh/infra-test-go/internal/service/product_service.go:63.58,68.31 4 53
github.com/allofresh/infra-test-go/internal/service/product_service.go:68.31,70.3 1 2543
github.com/allofresh/infra-test-go/internal/service/product_service.go:71.2,71.15 1 53
github.com/allofresh/infra-test-go/internal/service/product_service.go:75.69,76.18 1 23
github.com/allofresh/infra-test-go/internal/service/product_service.go:76.18,78.3 1 1
github.com/allofresh/infra-test-go/internal/service/product_service.go:80.2,84.9 4 22
github.com/allofresh/infra-test-go/internal/service/product_service.go:84.9,86.3 1 1
github.com/allofresh/infra-test-go/internal/service/product_service.go:87.2,88.12 2 21
github.com/allofresh/infra-test-go/internal/service/product_service.go:92.54,96.34 3 2
github.com/allofresh/infra-test-go/internal/service/product_service.go:96.34,98.3 1 1
github.com/allofresh/infra-test-go/internal/service/product_service.go:99.2,100.12 2 1
github.com/allofresh/infra-test-go/internal/handler/product_handler.go:27.69,29.2 1 10
github.com/allofresh/infra-test-go/internal/handler/product_handler.go:32.61,38.2 5 10
github.com/allofresh/infra-test-go/internal/handler/product_handler.go:40.78,43.2 2 1
github.com/allofresh/infra-test-go/internal/handler/product_handler.go:45.79,49.2 3 1
github.com/allofresh/infra-test-go/internal/handler/product_handler.go:51.77,54.16 3 4
github.com/allofresh/infra-test-go/internal/handler/product_handler.go:54.16,57.3 2 1
github.com/allofresh/infra-test-go/internal/handler/product_handler.go:59.2,60.16 2 3
github.com/allofresh/infra-test-go/internal/handler/product_handler.go:60.16,63.3 2 2
github.com/allofresh/infra-test-go/internal/handler/product_handler.go:65.2,66.36 2 1
github.com/allofresh/infra-test-go/internal/handler/product_handler.go:69.77,71.61 2 6
github.com/allofresh/infra-test-go/internal/handler/product_handler.go:71.61,74.3 2 1
github.com/allofresh/infra-test-go/internal/handler/product_handler.go:76.2,77.16 2 5
github.com/allofresh/infra-test-go/internal/handler/product_handler.go:77.16,80.3 2 1
github.com/allofresh/infra-test-go/internal/handler/product_handler.go:82.2,84.53 3 4
github.com/allofresh/infra-test-go/internal/handler/product_handler.go:87.80,90.16 3 2
github.com/allofresh/infra-test-go/internal/handler/product_handler.go:90.16,93.3 2 0
github.com/allofresh/infra-test-go/internal/handler/product_handler.go:95.2,95.48 1 2
github.com/allofresh/infra-test-go/internal/handler/product_handler.go:95.48,98.3 2 1
github.com/allofresh/infra-test-go/internal/handler/product_handler.go:100.2,100.37 1 1
github.com/allofresh/infra-test-go/internal/handler/product_handler.go:103.62,107.2 3 6
github.com/allofresh/infra-test-go/cmd/api/main.go:12.13,14.16 2 0
github.com/allofresh/infra-test-go/cmd/api/main.go:14.16,16.3 1 0
github.com/allofresh/infra-test-go/cmd/api/main.go:18.2,25.59 6 0
github.com/allofresh/infra-test-go/cmd/api/main.go:25.59,27.3 1 0
